<?xml version="1.0" encoding="UTF-8"?>
<coverage generated="1567051211649" clover="3.2.0">
  <project timestamp="1567051211650" name="All files">
    <metrics statements="28" coveredstatements="18" conditionals="4" coveredconditionals="4" methods="6" coveredmethods="4" elements="38" coveredelements="26" complexity="0" loc="28" ncloc="28" packages="1" files="2" classes="2"/>
    <file name="linked-list.js" path="/mnt/c/Users/corey/codefellows/401/data-structures-and-algorithms-401/linkedLists/linked-list.js">
      <metrics statements="25" coveredstatements="15" conditionals="4" coveredconditionals="4" methods="5" coveredmethods="3"/>
      <line num="3" count="1" type="stmt"/>
      <line num="7" count="5" type="stmt"/>
      <line num="11" count="8" type="stmt"/>
      <line num="13" count="8" type="cond" truecount="2" falsecount="0"/>
      <line num="14" count="5" type="stmt"/>
      <line num="16" count="3" type="stmt"/>
      <line num="17" count="3" type="stmt"/>
      <line num="19" count="8" type="stmt"/>
      <line num="23" count="2" type="stmt"/>
      <line num="25" count="2" type="stmt"/>
      <line num="26" count="2" type="cond" truecount="2" falsecount="0"/>
      <line num="27" count="1" type="stmt"/>
      <line num="30" count="1" type="stmt"/>
      <line num="32" count="1" type="stmt"/>
      <line num="37" count="0" type="stmt"/>
      <line num="38" count="0" type="stmt"/>
      <line num="39" count="0" type="stmt"/>
      <line num="40" count="0" type="stmt"/>
      <line num="41" count="0" type="stmt"/>
      <line num="43" count="0" type="stmt"/>
      <line num="47" count="0" type="stmt"/>
      <line num="48" count="0" type="stmt"/>
      <line num="49" count="0" type="stmt"/>
      <line num="51" count="0" type="stmt"/>
      <line num="56" count="1" type="stmt"/>
    </file>
    <file name="node.js" path="/mnt/c/Users/corey/codefellows/401/data-structures-and-algorithms-401/linkedLists/node.js">
      <metrics statements="3" coveredstatements="3" conditionals="0" coveredconditionals="0" methods="1" coveredmethods="1"/>
      <line num="5" count="8" type="stmt"/>
      <line num="8" count="8" type="stmt"/>
      <line num="12" count="1" type="stmt"/>
    </file>
  </project>
</coverage>
