{"/mnt/c/Users/corey/codefellows/401/data-structures-and-algorithms-401/linkedLists/linked-list.js": {"path":"/mnt/c/Users/corey/codefellows/401/data-structures-and-algorithms-401/linkedLists/linked-list.js","statementMap":{"0":{"start":{"line":3,"column":13},"end":{"line":3,"column":30}},"1":{"start":{"line":7,"column":4},"end":{"line":7,"column":21}},"2":{"start":{"line":11,"column":20},"end":{"line":11,"column":35}},"3":{"start":{"line":13,"column":4},"end":{"line":18,"column":5}},"4":{"start":{"line":14,"column":6},"end":{"line":14,"column":26}},"5":{"start":{"line":16,"column":6},"end":{"line":16,"column":31}},"6":{"start":{"line":17,"column":6},"end":{"line":17,"column":26}},"7":{"start":{"line":19,"column":4},"end":{"line":19,"column":16}},"8":{"start":{"line":23,"column":18},"end":{"line":23,"column":27}},"9":{"start":{"line":25,"column":4},"end":{"line":33,"column":3}},"10":{"start":{"line":26,"column":6},"end":{"line":31,"column":7}},"11":{"start":{"line":27,"column":8},"end":{"line":27,"column":20}},"12":{"start":{"line":30,"column":8},"end":{"line":30,"column":31}},"13":{"start":{"line":32,"column":6},"end":{"line":32,"column":19}},"14":{"start":{"line":37,"column":18},"end":{"line":37,"column":27}},"15":{"start":{"line":38,"column":17},"end":{"line":38,"column":19}},"16":{"start":{"line":39,"column":4},"end":{"line":42,"column":5}},"17":{"start":{"line":40,"column":6},"end":{"line":40,"column":37}},"18":{"start":{"line":41,"column":6},"end":{"line":41,"column":29}},"19":{"start":{"line":43,"column":4},"end":{"line":43,"column":18}},"20":{"start":{"line":47,"column":4},"end":{"line":51,"column":5}},"21":{"start":{"line":48,"column":6},"end":{"line":48,"column":34}},"22":{"start":{"line":50,"column":6},"end":{"line":50,"column":42}},"23":{"start":{"line":55,"column":4},"end":{"line":58,"column":5}},"24":{"start":{"line":56,"column":6},"end":{"line":56,"column":37}},"25":{"start":{"line":57,"column":6},"end":{"line":57,"column":13}},"26":{"start":{"line":59,"column":4},"end":{"line":59,"column":43}},"27":{"start":{"line":63,"column":4},"end":{"line":71,"column":5}},"28":{"start":{"line":64,"column":6},"end":{"line":64,"column":13}},"29":{"start":{"line":65,"column":11},"end":{"line":71,"column":5}},"30":{"start":{"line":66,"column":19},"end":{"line":66,"column":37}},"31":{"start":{"line":67,"column":6},"end":{"line":67,"column":30}},"32":{"start":{"line":68,"column":6},"end":{"line":68,"column":25}},"33":{"start":{"line":70,"column":6},"end":{"line":70,"column":47}},"34":{"start":{"line":75,"column":16},"end":{"line":75,"column":25}},"35":{"start":{"line":76,"column":17},"end":{"line":76,"column":31}},"36":{"start":{"line":77,"column":4},"end":{"line":80,"column":5}},"37":{"start":{"line":78,"column":6},"end":{"line":78,"column":25}},"38":{"start":{"line":79,"column":6},"end":{"line":79,"column":27}},"39":{"start":{"line":81,"column":17},"end":{"line":81,"column":35}},"40":{"start":{"line":82,"column":4},"end":{"line":82,"column":24}},"41":{"start":{"line":83,"column":4},"end":{"line":83,"column":25}},"42":{"start":{"line":87,"column":4},"end":{"line":91,"column":5}},"43":{"start":{"line":88,"column":6},"end":{"line":88,"column":13}},"44":{"start":{"line":90,"column":6},"end":{"line":90,"column":46}},"45":{"start":{"line":95,"column":16},"end":{"line":95,"column":25}},"46":{"start":{"line":96,"column":4},"end":{"line":98,"column":5}},"47":{"start":{"line":97,"column":6},"end":{"line":97,"column":25}},"48":{"start":{"line":99,"column":17},"end":{"line":99,"column":35}},"49":{"start":{"line":100,"column":4},"end":{"line":100,"column":29}},"50":{"start":{"line":101,"column":4},"end":{"line":101,"column":24}},"51":{"start":{"line":105,"column":16},"end":{"line":105,"column":25}},"52":{"start":{"line":106,"column":17},"end":{"line":106,"column":26}},"53":{"start":{"line":107,"column":4},"end":{"line":113,"column":5}},"54":{"start":{"line":107,"column":16},"end":{"line":107,"column":17}},"55":{"start":{"line":108,"column":6},"end":{"line":112,"column":7}},"56":{"start":{"line":109,"column":8},"end":{"line":109,"column":23}},"57":{"start":{"line":111,"column":8},"end":{"line":111,"column":29}},"58":{"start":{"line":114,"column":4},"end":{"line":117,"column":5}},"59":{"start":{"line":115,"column":6},"end":{"line":115,"column":25}},"60":{"start":{"line":116,"column":6},"end":{"line":116,"column":27}},"61":{"start":{"line":118,"column":4},"end":{"line":118,"column":23}},"62":{"start":{"line":123,"column":17},"end":{"line":123,"column":26}},"63":{"start":{"line":124,"column":3},"end":{"line":128,"column":4}},"64":{"start":{"line":125,"column":5},"end":{"line":125,"column":32}},"65":{"start":{"line":127,"column":5},"end":{"line":127,"column":28}},"66":{"start":{"line":132,"column":0},"end":{"line":132,"column":28}}},"fnMap":{"0":{"name":"(anonymous_0)","decl":{"start":{"line":6,"column":2},"end":{"line":6,"column":3}},"loc":{"start":{"line":6,"column":15},"end":{"line":8,"column":3}},"line":6},"1":{"name":"(anonymous_1)","decl":{"start":{"line":10,"column":2},"end":{"line":10,"column":3}},"loc":{"start":{"line":10,"column":15},"end":{"line":20,"column":3}},"line":10},"2":{"name":"(anonymous_2)","decl":{"start":{"line":22,"column":2},"end":{"line":22,"column":3}},"loc":{"start":{"line":22,"column":17},"end":{"line":34,"column":1}},"line":22},"3":{"name":"(anonymous_3)","decl":{"start":{"line":36,"column":2},"end":{"line":36,"column":3}},"loc":{"start":{"line":36,"column":12},"end":{"line":44,"column":3}},"line":36},"4":{"name":"(anonymous_4)","decl":{"start":{"line":46,"column":2},"end":{"line":46,"column":3}},"loc":{"start":{"line":46,"column":15},"end":{"line":52,"column":3}},"line":46},"5":{"name":"(anonymous_5)","decl":{"start":{"line":54,"column":2},"end":{"line":54,"column":3}},"loc":{"start":{"line":54,"column":30},"end":{"line":60,"column":3}},"line":54},"6":{"name":"(anonymous_6)","decl":{"start":{"line":62,"column":2},"end":{"line":62,"column":3}},"loc":{"start":{"line":62,"column":31},"end":{"line":72,"column":3}},"line":62},"7":{"name":"(anonymous_7)","decl":{"start":{"line":74,"column":2},"end":{"line":74,"column":3}},"loc":{"start":{"line":74,"column":37},"end":{"line":84,"column":3}},"line":74},"8":{"name":"(anonymous_8)","decl":{"start":{"line":86,"column":2},"end":{"line":86,"column":3}},"loc":{"start":{"line":86,"column":30},"end":{"line":92,"column":3}},"line":86},"9":{"name":"(anonymous_9)","decl":{"start":{"line":94,"column":2},"end":{"line":94,"column":3}},"loc":{"start":{"line":94,"column":36},"end":{"line":102,"column":3}},"line":94},"10":{"name":"(anonymous_10)","decl":{"start":{"line":104,"column":2},"end":{"line":104,"column":3}},"loc":{"start":{"line":104,"column":16},"end":{"line":119,"column":3}},"line":104},"11":{"name":"(anonymous_11)","decl":{"start":{"line":122,"column":2},"end":{"line":122,"column":3}},"loc":{"start":{"line":122,"column":13},"end":{"line":129,"column":3}},"line":122}},"branchMap":{"0":{"loc":{"start":{"line":13,"column":4},"end":{"line":18,"column":5}},"type":"if","locations":[{"start":{"line":13,"column":4},"end":{"line":18,"column":5}},{"start":{"line":13,"column":4},"end":{"line":18,"column":5}}],"line":13},"1":{"loc":{"start":{"line":26,"column":6},"end":{"line":31,"column":7}},"type":"if","locations":[{"start":{"line":26,"column":6},"end":{"line":31,"column":7}},{"start":{"line":26,"column":6},"end":{"line":31,"column":7}}],"line":26},"2":{"loc":{"start":{"line":47,"column":4},"end":{"line":51,"column":5}},"type":"if","locations":[{"start":{"line":47,"column":4},"end":{"line":51,"column":5}},{"start":{"line":47,"column":4},"end":{"line":51,"column":5}}],"line":47},"3":{"loc":{"start":{"line":55,"column":4},"end":{"line":58,"column":5}},"type":"if","locations":[{"start":{"line":55,"column":4},"end":{"line":58,"column":5}},{"start":{"line":55,"column":4},"end":{"line":58,"column":5}}],"line":55},"4":{"loc":{"start":{"line":63,"column":4},"end":{"line":71,"column":5}},"type":"if","locations":[{"start":{"line":63,"column":4},"end":{"line":71,"column":5}},{"start":{"line":63,"column":4},"end":{"line":71,"column":5}}],"line":63},"5":{"loc":{"start":{"line":65,"column":11},"end":{"line":71,"column":5}},"type":"if","locations":[{"start":{"line":65,"column":11},"end":{"line":71,"column":5}},{"start":{"line":65,"column":11},"end":{"line":71,"column":5}}],"line":65},"6":{"loc":{"start":{"line":65,"column":15},"end":{"line":65,"column":67}},"type":"binary-expr","locations":[{"start":{"line":65,"column":15},"end":{"line":65,"column":38}},{"start":{"line":65,"column":42},"end":{"line":65,"column":67}}],"line":65},"7":{"loc":{"start":{"line":87,"column":4},"end":{"line":91,"column":5}},"type":"if","locations":[{"start":{"line":87,"column":4},"end":{"line":91,"column":5}},{"start":{"line":87,"column":4},"end":{"line":91,"column":5}}],"line":87},"8":{"loc":{"start":{"line":96,"column":10},"end":{"line":96,"column":54}},"type":"binary-expr","locations":[{"start":{"line":96,"column":10},"end":{"line":96,"column":31}},{"start":{"line":96,"column":35},"end":{"line":96,"column":54}}],"line":96},"9":{"loc":{"start":{"line":108,"column":6},"end":{"line":112,"column":7}},"type":"if","locations":[{"start":{"line":108,"column":6},"end":{"line":112,"column":7}},{"start":{"line":108,"column":6},"end":{"line":112,"column":7}}],"line":108},"10":{"loc":{"start":{"line":108,"column":9},"end":{"line":108,"column":48}},"type":"binary-expr","locations":[{"start":{"line":108,"column":9},"end":{"line":108,"column":24}},{"start":{"line":108,"column":28},"end":{"line":108,"column":48}}],"line":108}},"s":{"0":1,"1":15,"2":30,"3":30,"4":11,"5":19,"6":19,"7":30,"8":2,"9":2,"10":2,"11":0,"12":2,"13":2,"14":1,"15":1,"16":1,"17":3,"18":3,"19":1,"20":10,"21":4,"22":6,"23":10,"24":6,"25":6,"26":4,"27":2,"28":0,"29":2,"30":1,"31":1,"32":1,"33":1,"34":1,"35":1,"36":1,"37":1,"38":1,"39":1,"40":1,"41":1,"42":1,"43":0,"44":1,"45":1,"46":1,"47":1,"48":1,"49":1,"50":1,"51":5,"52":5,"53":5,"54":5,"55":9,"56":3,"57":6,"58":2,"59":4,"60":4,"61":2,"62":0,"63":0,"64":0,"65":0,"66":1},"f":{"0":15,"1":30,"2":2,"3":1,"4":10,"5":10,"6":2,"7":1,"8":1,"9":1,"10":5,"11":0},"b":{"0":[11,19],"1":[0,2],"2":[4,6],"3":[6,4],"4":[0,2],"5":[1,1],"6":[2,1],"7":[0,1],"8":[2,1],"9":[3,6],"10":[9,9]},"_coverageSchema":"43e27e138ebf9cfc5966b082cf9a028302ed4184","hash":"3943bfa7c122aafd983af8dd785d61708a914753"}
,"/mnt/c/Users/corey/codefellows/401/data-structures-and-algorithms-401/linkedLists/node.js": {"path":"/mnt/c/Users/corey/codefellows/401/data-structures-and-algorithms-401/linkedLists/node.js","statementMap":{"0":{"start":{"line":5,"column":4},"end":{"line":5,"column":23}},"1":{"start":{"line":8,"column":4},"end":{"line":8,"column":21}},"2":{"start":{"line":12,"column":0},"end":{"line":12,"column":22}}},"fnMap":{"0":{"name":"(anonymous_0)","decl":{"start":{"line":4,"column":2},"end":{"line":4,"column":3}},"loc":{"start":{"line":4,"column":20},"end":{"line":9,"column":3}},"line":4}},"branchMap":{},"s":{"0":43,"1":43,"2":1},"f":{"0":43},"b":{},"_coverageSchema":"43e27e138ebf9cfc5966b082cf9a028302ed4184","hash":"9547ef38b7a32cc53ffa8db801f36a0a3ecbda83"}
}
