TN:
SF:/mnt/c/Users/corey/codefellows/401/data-structures-and-algorithms-401/linkedLists/linked-list.js
FN:6,(anonymous_0)
FN:10,(anonymous_1)
FN:22,(anonymous_2)
FN:36,(anonymous_3)
FN:46,(anonymous_4)
FN:54,(anonymous_5)
FN:62,(anonymous_6)
FN:74,(anonymous_7)
FN:86,(anonymous_8)
FN:94,(anonymous_9)
FN:104,(anonymous_10)
FN:122,(anonymous_11)
FNF:12
FNH:11
FNDA:15,(anonymous_0)
FNDA:30,(anonymous_1)
FNDA:2,(anonymous_2)
FNDA:1,(anonymous_3)
FNDA:10,(anonymous_4)
FNDA:10,(anonymous_5)
FNDA:2,(anonymous_6)
FNDA:1,(anonymous_7)
FNDA:1,(anonymous_8)
FNDA:1,(anonymous_9)
FNDA:5,(anonymous_10)
FNDA:0,(anonymous_11)
DA:3,1
DA:7,15
DA:11,30
DA:13,30
DA:14,11
DA:16,19
DA:17,19
DA:19,30
DA:23,2
DA:25,2
DA:26,2
DA:27,0
DA:30,2
DA:32,2
DA:37,1
DA:38,1
DA:39,1
DA:40,3
DA:41,3
DA:43,1
DA:47,10
DA:48,4
DA:50,6
DA:55,10
DA:56,6
DA:57,6
DA:59,4
DA:63,2
DA:64,0
DA:65,2
DA:66,1
DA:67,1
DA:68,1
DA:70,1
DA:75,1
DA:76,1
DA:77,1
DA:78,1
DA:79,1
DA:81,1
DA:82,1
DA:83,1
DA:87,1
DA:88,0
DA:90,1
DA:95,1
DA:96,1
DA:97,1
DA:99,1
DA:100,1
DA:101,1
DA:105,5
DA:106,5
DA:107,5
DA:108,9
DA:109,3
DA:111,6
DA:114,2
DA:115,4
DA:116,4
DA:118,2
DA:123,0
DA:124,0
DA:125,0
DA:127,0
DA:132,1
LF:66
LH:59
BRDA:13,0,0,11
BRDA:13,0,1,19
BRDA:26,1,0,0
BRDA:26,1,1,2
BRDA:47,2,0,4
BRDA:47,2,1,6
BRDA:55,3,0,6
BRDA:55,3,1,4
BRDA:63,4,0,0
BRDA:63,4,1,2
BRDA:65,5,0,1
BRDA:65,5,1,1
BRDA:65,6,0,2
BRDA:65,6,1,1
BRDA:87,7,0,0
BRDA:87,7,1,1
BRDA:96,8,0,2
BRDA:96,8,1,1
BRDA:108,9,0,3
BRDA:108,9,1,6
BRDA:108,10,0,9
BRDA:108,10,1,9
BRF:22
BRH:19
end_of_record
TN:
SF:/mnt/c/Users/corey/codefellows/401/data-structures-and-algorithms-401/linkedLists/node.js
FN:4,(anonymous_0)
FNF:1
FNH:1
FNDA:43,(anonymous_0)
DA:5,43
DA:8,43
DA:12,1
LF:3
LH:3
BRF:0
BRH:0
end_of_record
