TN:
SF:/mnt/c/Users/corey/codefellows/401/data-structures-and-algorithms-401/linkedLists/linked-list.js
FN:6,(anonymous_0)
FN:10,(anonymous_1)
FN:22,(anonymous_2)
FN:36,(anonymous_3)
FN:46,(anonymous_4)
FNF:5
FNH:3
FNDA:5,(anonymous_0)
FNDA:8,(anonymous_1)
FNDA:2,(anonymous_2)
FNDA:0,(anonymous_3)
FNDA:0,(anonymous_4)
DA:3,1
DA:7,5
DA:11,8
DA:13,8
DA:14,5
DA:16,3
DA:17,3
DA:19,8
DA:23,2
DA:25,2
DA:26,2
DA:27,1
DA:30,1
DA:32,1
DA:37,0
DA:38,0
DA:39,0
DA:40,0
DA:41,0
DA:43,0
DA:47,0
DA:48,0
DA:49,0
DA:51,0
DA:56,1
LF:25
LH:15
BRDA:13,0,0,5
BRDA:13,0,1,3
BRDA:26,1,0,1
BRDA:26,1,1,1
BRF:4
BRH:4
end_of_record
TN:
SF:/mnt/c/Users/corey/codefellows/401/data-structures-and-algorithms-401/linkedLists/node.js
FN:4,(anonymous_0)
FNF:1
FNH:1
FNDA:8,(anonymous_0)
DA:5,8
DA:8,8
DA:12,1
LF:3
LH:3
BRF:0
BRH:0
end_of_record
